sanity P=1.0 L=40 (expect ~1.95): 1.95

P = 1.0   (alpha grid from 0.20, step 0.05)
    L       g=d   alpha*  decrement
   40   0.02500    1.950           
   80   0.01250    1.450     -0.500
  160   0.00625    1.200     -0.250
  320   0.00313    0.950     -0.250
  640   0.00156    0.750     -0.200

P = 0.5   (alpha grid from 0.20, step 0.05)
    L       g=d   alpha*  decrement
   40   0.01250    0.850           
   80   0.00625    0.750     -0.100
  160   0.00313    0.600     -0.150
  320   0.00156    0.500     -0.100
  640   0.00078    0.350     -0.150

Extending L to test for a plateau / merge. alpha grid from 0.20.

P = 1.0
     L        g=d   alpha*  decrement
   160   0.006250    1.200           
   320   0.003125    0.950     -0.250
   640   0.001563    0.750     -0.200
  1280   0.000781    0.450     -0.300
  2560   0.000391    0.200     -0.250

P = 0.5
     L        g=d   alpha*  decrement
   160   0.003125    0.600           
   320   0.001563    0.500     -0.100
   640   0.000781    0.350     -0.150
  1280   0.000391    0.200     -0.150
  2560   0.000195    0.200     +0.000

Gap (alpha*_P1.0 - alpha*_P0.5) vs L:
  L=  160: 1.200 - 0.600 = +0.600
  L=  320: 0.950 - 0.500 = +0.450
  L=  640: 0.750 - 0.350 = +0.400
  L= 1280: 0.450 - 0.200 = +0.250
  L= 2560: 0.200 - 0.200 = +0.000
